0.0025
0.0025
0.0025
0.0025
0.0025
0.0025
0.0025
0.0025
0.0025
0.0025
0.0025
0.0025
0.0025
0.0025
0.0025
0.0025
0.0025
0.0025
0.0025
0.0025
0.0025
0.0025
0.0025
0.0025
0.0025
0.0025
0.0025
0.0025
0.0025
0.0025
0.0025
0.0025
0.0284676
0.0281402
0.0271705
0.0255959
0.0234767
0.0208945
0.0179485
0.0147519
0.0114276
0.00810327
0.00490668
0.00196069
-0.00062149
-0.00274063
-0.0043153
-0.00528497
-0.00561239
-0.00528497
-0.0043153
-0.00274063
-0.00062149
0.00196069
0.00490668
0.00810327
0.0114276
0.0147519
0.0179485
0.0208945
0.0234767
0.0255959
0.0271705
0.0281402
0.11191
0.108522
0.0987642
0.0837881
0.0653343
0.0454856
0.0263784
0.00991165
-0.00250384
-0.0101176
-0.0129104
-0.011553
-0.00726202
-0.00157615
0.00391245
0.0078283
0.00924278
0.0078283
0.00391245
-0.00157615
-0.00726202
-0.011553
-0.0129104
-0.0101176
-0.00250384
0.00991165
0.0263784
0.0454856
0.0653343
0.0837881
0.0987642
0.108522
0.29747
0.280911
0.235008
0.170023
0.0998257
0.0381102
-0.0051625
-0.0260226
-0.0268457
-0.0148055
0.000966297
0.0125171
0.0154703
0.00994222
-0.000219714
-0.0094904
-0.0131865
-0.0094904
-0.000219714
0.00994222
0.0154703
0.0125171
0.000966297
-0.0148055
-0.0268457
-0.0260226
-0.0051625
0.0381102
0.0998257
0.170023
0.235008
0.280911
0.637534
0.582198
0.43618
0.250339
0.083699
-0.0214287
-0.0544509
-0.0352094
0.00124844
0.0245626
0.0228337
0.00394343
-0.0143647
-0.018255
-0.00665425
0.00966749
0.0171173
0.00966749
-0.00665425
-0.018255
-0.0143647
0.00394343
0.0228337
0.0245626
0.00124844
-0.0352094
-0.0544509
-0.0214287
0.083699
0.250339
0.43618
0.582198
1.18623
1.04099
0.679883
0.277914
0.000138241
-0.0909728
-0.0490683
0.0199942
0.0418459
0.0134022
-0.0211056
-0.0245332
-9.1201e-05
0.0206384
0.0150232
-0.00797088
-0.020548
-0.00797088
0.0150232
0.0206384
-9.1201e-05
-0.0245332
-0.0211056
0.0134022
0.0418459
0.0199942
-0.0490683
-0.0909728
0.000138241
0.277914
0.679883
1.04099
1.98943
1.66921
0.925856
0.222609
-0.111926
-0.0960521
0.0251545
0.0577729
0.001907
-0.0377143
-0.0136362
0.024145
0.0193354
-0.0135115
-0.0219082
0.00447226
0.0228694
0.00447226
-0.0219082
-0.0135115
0.0193354
0.024145
-0.0136362
-0.0377143
0.001907
0.0577729
0.0251545
-0.0960521
-0.111926
0.222609
0.925856
1.66921
3.07077
2.45566
1.13219
0.0972251
-0.179384
-0.0186666
0.0787968
0.00629114
-0.0476675
-0.00291864
0.0340589
0.00148027
-0.0274091
-0.000739557
0.0241831
0.000125556
-0.0233986
0.000125556
0.0241831
-0.000739557
-0.0274091
0.00148027
0.0340589
-0.00291864
-0.0476675
0.00629114
0.0787968
-0.0186666
-0.179384
0.0972251
1.13219
2.45566
4.41442
3.36436
1.27818
-0.0427538
-0.159469
0.0686895
0.0429647
-0.0516367
-0.00670199
0.036508
-0.00895987
-0.0243098
0.0165834
0.0138762
-0.0202929
-0.00446237
0.0215052
-0.00446237
-0.0202929
0.0138762
0.0165834
-0.0243098
-0.00895987
0.036508
-0.00670199
-0.0516367
0.0429647
0.0686895
-0.159469
-0.0427538
1.27818
3.36436
5.9473
4.3397
1.38266
-0.134233
-0.0844035
0.0878825
-0.023264
-0.0286659
0.033907
-0.00508094
-0.0202377
0.0187099
0.00227748
-0.017228
0.0116756
0.00678408
-0.0167752
0.00678408
0.0116756
-0.017228
0.00227748
0.0187099
-0.0202377
-0.00508094
0.033907
-0.0286659
-0.023264
0.0878825
-0.0844035
-0.134233
1.38266
4.3397
7.5253
5.31825
1.50477
-0.155434
-0.0288005
0.0542538
-0.0366357
0.00981938
0.0105713
-0.0166027
0.01024
0.00119724
-0.00945991
0.00917141
-0.00279531
-0.00550103
0.00923514
-0.00550103
-0.00279531
0.00917141
-0.00945991
0.00119724
0.01024
-0.0166027
0.0105713
0.00981938
-0.0366357
0.0542538
-0.0288005
-0.155434
1.50477
5.31825
8.92967
6.24345
1.72109
-0.147126
-0.0246416
0.041078
-0.0264744
0.00906788
0.00179225
-0.00599959
0.00501429
-0.00192048
-0.000520131
0.00186411
-0.000879027
-3.30407e-06
0.00037979
-3.30407e-06
-0.000879027
0.00186411
-0.000520131
-0.00192048
0.00501429
-0.00599959
0.00179225
0.00906788
-0.0264744
0.041078
-0.0246416
-0.147126
1.72109
6.24345
9.88093
7.07605
2.08703
-0.178782
-0.0231794
0.0547241
-0.0463652
0.0270154
-0.00865108
-0.00569844
0.0132321
-0.0143509
0.0102658
-0.00376002
-0.00360242
0.00871163
-0.0105578
0.00871163
-0.00360242
-0.00376002
0.0102658
-0.0143509
0.0132321
-0.00569844
-0.00865108
0.0270154
-0.0463652
0.0547241
-0.0231794
-0.178782
2.08703
7.07605
10.0759
7.79204
2.60584
-0.281468
0.0379959
0.0246779
-0.0432471
0.0460052
-0.0407225
0.0318608
-0.0214495
0.0108701
-0.00100152
-0.00743884
0.0138322
-0.0177902
0.0190962
-0.0177902
0.0138322
-0.00743884
-0.00100152
0.0108701
-0.0214495
0.0318608
-0.0407225
0.0460052
-0.0432471
0.0246779
0.0379959
-0.281468
2.60584
7.79204
9.24941
8.36323
3.23063
-0.411196
0.141018
-0.0620414
0.0276934
-0.0086046
-0.00184079
0.00948757
-0.0144328
0.0177664
-0.0198109
0.0217047
-0.0225501
0.0233196
-0.0234994
0.0233196
-0.0225501
0.0217047
-0.0198109
0.0177664
-0.0144328
0.00948757
-0.00184079
-0.0086046
0.0276934
-0.0620414
0.141018
-0.411196
3.23063
8.36323
7.25312
8.72503
3.90606
-0.489848
0.201425
-0.116378
0.0782679
-0.0580163
0.0456934
-0.0374022
0.0321652
-0.0285707
0.02542
-0.0239071
0.0223872
-0.0220253
0.0218041
-0.0220253
0.0223872
-0.0239071
0.02542
-0.0285707
0.0321652
-0.0374022
0.0456934
-0.0580163
0.0782679
-0.116378
0.201425
-0.489848
3.90606
8.72503
4.2133
8.67012
4.70138
-0.56931
0.264341
-0.171737
0.128902
-0.106333
0.0915277
-0.082927
0.0766964
-0.0718903
0.0691614
-0.066847
0.0657121
-0.0645619
0.0642958
-0.0645619
0.0657121
-0.066847
0.0691614
-0.0718903
0.0766964
-0.082927
0.0915277
-0.106333
0.128902
-0.171737
0.264341
-0.56931
4.70138
8.67012
0.348862
8.08424
5.59339
-0.626115
0.312689
-0.212684
0.165519
-0.139211
0.122842
-0.112655
0.104855
-0.0999781
0.096447
-0.0939911
0.0922343
-0.0915556
0.0912819
-0.0915556
0.0922343
-0.0939911
0.096447
-0.0999781
0.104855
-0.112655
0.122842
-0.139211
0.165519
-0.212684
0.312689
-0.626115
5.59339
8.08424
-3.93585
6.89443
6.53581
-0.628037
0.32484
-0.220922
0.170647
-0.141348
0.123738
-0.111185
0.103272
-0.0979353
0.0935649
-0.0906985
0.0888755
-0.0877893
0.0873826
-0.0877893
0.0888755
-0.0906985
0.0935649
-0.0979353
0.103272
-0.111185
0.123738
-0.141348
0.170647
-0.220922
0.32484
-0.628037
6.53581
6.89443
-8.07018
5.09709
7.45798
-0.536583
0.277773
-0.178459
0.127796
-0.0981739
0.0795132
-0.0666517
0.0586836
-0.0519361
0.047809
-0.0451075
0.0431126
-0.0418142
0.0415745
-0.0418142
0.0431126
-0.0451075
0.047809
-0.0519361
0.0586836
-0.0666517
0.0795132
-0.0981739
0.127796
-0.178459
0.277773
-0.536583
7.45798
5.09709
-11.3778
2.78237
8.26811
-0.311507
0.151252
-0.0711105
0.026338
0.000408676
-0.0176862
0.0289133
-0.0376249
0.0431561
-0.0470418
0.050376
-0.0521603
0.0529362
-0.0534618
0.0529362
-0.0521603
0.050376
-0.0470418
0.0431561
-0.0376249
0.0289133
-0.0176862
0.000408676
0.026338
-0.0711105
0.151252
-0.311507
8.26811
2.78237
-13.1809
0.146896
8.86231
0.0822643
-0.0669926
0.107181
-0.135776
0.154847
-0.167182
0.175844
-0.182344
0.18643
-0.189833
0.191629
-0.193194
0.194277
-0.194348
0.194277
-0.193194
0.191629
-0.189833
0.18643
-0.182344
0.175844
-0.167182
0.154847
-0.135776
0.107181
-0.0669926
0.0822643
8.86231
0.146896
-12.939
-2.51298
9.14021
0.665638
-0.375426
0.349226
-0.349221
0.353136
-0.35714
0.360046
-0.361897
0.363754
-0.365099
0.366045
-0.36662
0.366871
-0.367138
0.366871
-0.36662
0.366045
-0.365099
0.363754
-0.361897
0.360046
-0.35714
0.353136
-0.349221
0.349226
-0.375426
0.665638
9.14021
-2.51298
-10.4024
-4.83315
9.02504
1.43651
-0.754222
0.631694
-0.590075
0.570905
-0.561475
0.555288
-0.551455
0.549184
-0.547159
0.54627
-0.545441
0.544935
-0.544755
0.544935
-0.545441
0.54627
-0.547159
0.549184
-0.551455
0.555288
-0.561475
0.570905
-0.590075
0.631694
-0.754222
1.43651
9.02504
-4.83315
-5.74396
-6.44024
8.4848
2.36348
-1.16371
0.916248
-0.820238
0.771597
-0.743129
0.725909
-0.713862
0.705845
-0.700293
0.696225
-0.693834
0.692637
-0.69209
0.692637
-0.693834
0.696225
-0.700293
0.705845
-0.713862
0.725909
-0.743129
0.771597
-0.820238
0.916248
-1.16371
2.36348
8.4848
-6.44024
0.373729
-7.03172
7.55029
3.38385
-1.54652
1.15364
-0.993637
0.910647
-0.861021
0.829753
-0.809009
0.793837
-0.78395
0.776893
-0.772287
0.76943
-0.768777
0.76943
-0.772287
0.776893
-0.78395
0.793837
-0.809009
0.829753
-0.861021
0.910647
-0.993637
1.15364
-1.54652
3.38385
7.55029
-7.03172
6.8386
-6.46241
6.3227
4.409
-1.83521
1.29107
-1.06515
0.946275
-0.875679
0.829648
-0.799302
0.778162
-0.763109
0.752908
-0.746032
0.7424
-0.740948
0.7424
-0.746032
0.752908
-0.763109
0.778162
-0.799302
0.829648
-0.875679
0.946275
-1.06515
1.29107
-1.83521
4.409
6.3227
-6.46241
12.2626
-4.81467
4.96536
5.33796
-1.96543
1.28402
-1.00054
0.850667
-0.760955
0.703426
-0.6639
0.637339
-0.618043
0.605176
-0.596786
0.591876
-0.590454
0.591876
-0.596786
0.605176
-0.618043
0.637339
-0.6639
0.703426
-0.760955
0.850667
-1.00054
1.28402
-1.96543
5.33796
4.96536
-4.81467
15.2838
-2.42643
3.67691
6.07745
-1.89146
1.11022
-0.787914
0.618071
-0.516337
0.450835
-0.406683
0.375902
-0.354926
0.339695
-0.329997
0.324435
-0.322626
0.324435
-0.329997
0.339695
-0.354926
0.375902
-0.406683
0.450835
-0.516337
0.618071
-0.787914
1.11022
-1.89146
6.07745
3.67691
-2.42643
14.945
0.146889
2.64726
6.56526
-1.60065
0.780595
-0.448081
0.273963
-0.170904
0.104093
-0.0593149
0.0279125
-0.00613142
-0.00856316
0.0185551
-0.0239861
0.0258815
-0.0239861
0.0185551
-0.00856316
-0.00613142
0.0279125
-0.0593149
0.104093
-0.170904
0.273963
-0.448081
0.780595
-1.60065
6.56526
2.64726
0.146889
11.0532
2.24559
2.00524
6.79038
-1.12207
0.341832
-0.034751
-0.123987
0.217714
-0.277249
0.317547
-0.345583
0.365199
-0.378696
0.387353
-0.392464
0.393941
-0.392464
0.387353
-0.378696
0.365199
-0.345583
0.317547
-0.277249
0.217714
-0.123987
-0.034751
0.341832
-1.12207
6.79038
2.00524
2.24559
4.39304
3.28053
1.77236
6.80253
-0.525351
-0.12967
0.374996
-0.49862
0.571135
-0.617013
0.647504
-0.668227
0.683235
-0.693283
0.69984
-0.70357
0.704879
-0.70357
0.69984
-0.693283
0.683235
-0.668227
0.647504
-0.617013
0.571135
-0.49862
0.374996
-0.12967
-0.525351
6.80253
1.77236
3.28053
-3.32631
2.92811
1.84097
6.70374
0.0941998
-0.544117
0.697721
-0.771417
0.812856
-0.838822
0.856114
-0.867638
0.875205
-0.880986
0.884735
-0.886602
0.887258
-0.886602
0.884735
-0.880986
0.875205
-0.867638
0.856114
-0.838822
0.812856
-0.771417
0.697721
-0.544117
0.0941998
6.70374
1.84097
2.92811
-9.85238
1.28228
1.99126
6.62052
0.642636
-0.823902
0.867729
-0.883583
0.89068
-0.894032
0.895873
-0.897209
0.897944
-0.898069
0.898209
-0.898591
0.898532
-0.898591
0.898209
-0.898069
0.897944
-0.897209
0.895873
-0.894032
0.89068
-0.883583
0.867729
-0.823902
0.642636
6.62052
1.99126
1.28228
-13.0561
-1.1062
1.95242
6.66109
1.05962
-0.931339
0.862554
-0.821497
0.795631
-0.778357
0.76603
-0.757566
0.751634
-0.747444
0.74467
-0.742919
0.74254
-0.742919
0.74467
-0.747444
0.751634
-0.757566
0.76603
-0.778357
0.795631
-0.821497
0.862554
-0.931339
1.05962
6.66109
1.95242
-1.1062
-11.7103
-3.34981
1.49582
6.87112
1.34366
-0.885832
0.715735
-0.627784
0.575123
-0.541271
0.518618
-0.502837
0.491895
-0.484334
0.479335
-0.476485
0.475502
-0.476485
0.479335
-0.484334
0.491895
-0.502837
0.518618
-0.541271
0.575123
-0.627784
0.715735
-0.885832
1.34366
6.87112
1.49582
-3.34981
-6.09774
-4.50336
0.534887
7.20248
1.56186
-0.764142
0.511776
-0.390416
0.320822
-0.277182
0.24835
-0.228198
0.214234
-0.204877
0.198753
-0.195405
0.194191
-0.195405
0.198753
-0.204877
0.214234
-0.228198
0.24835
-0.277182
0.320822
-0.390416
0.511776
-0.764142
1.56186
7.20248
0.534887
-4.50336
1.84781
-3.92763
-0.811117
7.51424
1.83303
-0.677247
0.36045
-0.217653
0.139398
-0.0917725
0.0606222
-0.0395778
0.0249425
-0.0147901
0.00822211
-0.00440811
0.00342408
-0.00440811
0.00822211
-0.0147901
0.0249425
-0.0395778
0.0606222
-0.0917725
0.139398
-0.217653
0.36045
-0.677247
1.83303
7.51424
-0.811117
-3.92763
9.05406
-1.60401
-2.22657
7.61479
2.28333
-0.726485
0.35356
-0.19636
0.11356
-0.0641651
0.0324031
-0.011196
-0.00323376
0.0131041
-0.0193851
0.0228905
-0.0242404
0.0228905
-0.0193851
0.0131041
-0.00323376
-0.011196
0.0324031
-0.0641651
0.11356
-0.19636
0.35356
-0.726485
2.28333
7.61479
-2.22657
-1.60401
12.4237
1.75099
-3.29568
7.3349
2.9898
-0.956265
0.522271
-0.348376
0.259359
-0.207128
0.173807
-0.152017
0.137187
-0.127374
0.120848
-0.117228
0.116106
-0.117228
0.120848
-0.127374
0.137187
-0.152017
0.173807
-0.207128
0.259359
-0.348376
0.522271
-0.956265
2.9898
7.3349
-3.29568
1.75099
10.1885
4.87799
-3.66555
6.60759
3.93355
-1.32211
0.81259
-0.612351
0.510736
-0.451323
0.41405
-0.389235
0.372498
-0.361044
0.353711
-0.349522
0.348332
-0.349522
0.353711
-0.361044
0.372498
-0.389235
0.41405
-0.451323
0.510736
-0.612351
0.81259
-1.32211
3.93355
6.60759
-3.66555
4.87799
2.91939
6.45939
-3.21512
5.51874
4.98685
-1.69204
1.09357
-0.858039
0.737298
-0.666201
0.621249
-0.590971
0.570308
-0.556412
0.547568
-0.542657
0.540795
-0.542657
0.547568
-0.556412
0.570308
-0.590971
0.621249
-0.666201
0.737298
-0.858039
1.09357
-1.69204
4.98685
5.51874
-3.21512
6.45939
-6.38815
5.72774
-2.14609
4.29378
5.95095
-1.89293
1.20883
-0.937177
0.795422
-0.711264
0.657176
-0.620928
0.59631
-0.579527
0.568573
-0.562323
0.560524
-0.562323
0.568573
-0.579527
0.59631
-0.620928
0.657176
-0.711264
0.795422
-0.937177
1.20883
-1.89293
5.95095
4.29378
-2.14609
5.72774
-13.4229
2.92063
-0.933812
3.21533
6.63414
-1.78541
1.04912
-0.754801
0.599684
-0.507045
0.447127
-0.406832
0.37898
-0.360156
0.347751
-0.340858
0.338602
-0.340858
0.347751
-0.360156
0.37898
-0.406832
0.447127
-0.507045
0.599684
-0.754801
1.04912
-1.78541
6.63414
3.21533
-0.933812
2.92063
-14.5549
-0.69618
-0.128647
2.49621
6.94214
-1.33675
0.613353
-0.326519
0.175612
-0.0852652
0.0263091
0.0131047
-0.0401075
0.0587907
-0.0706281
0.0773323
-0.0796776
0.0773323
-0.0706281
0.0587907
-0.0401075
0.0131047
0.0263091
-0.0852652
0.175612
-0.326519
0.613353
-1.33675
6.94214
2.49621
-0.128647
-0.69618
-8.83825
-3.34833
-0.0823762
2.16699
6.93453
-0.651487
0.0273298
0.211965
-0.336139
0.410145
-0.457556
0.489532
-0.511725
0.526525
-0.536178
0.541763
-0.543314
0.541763
-0.536178
0.526525
-0.511725
0.489532
-0.457556
0.410145
-0.336139
0.211965
0.0273298
-0.651487
6.93453
2.16699
-0.0823762
-3.34833
1.10639
-3.64473
-0.736869
2.04459
6.80611
0.0679539
-0.504362
0.65965
-0.736641
0.781374
-0.809496
0.828601
-0.841077
0.849647
-0.855453
0.8585
-0.859632
0.8585
-0.855453
0.849647
-0.841077
0.828601
-0.809496
0.781374
-0.736641
0.65965
-0.504362
0.0679539
6.80611
2.04459
-0.736869
-3.64473
10.0882
-1.40702
-1.60969
1.81637
6.78859
0.62129
-0.801066
0.850921
-0.870412
0.880289
-0.885565
0.888611
-0.890738
0.892131
-0.89278
0.893173
-0.893361
0.893173
-0.89278
0.892131
-0.890738
0.888611
-0.885565
0.880289
-0.870412
0.850921
-0.801066
0.62129
6.78859
1.81637
-1.60969
-1.40702
13.0284
2.07538
-2.02866
1.21581
7.0144
0.925519
-0.8099
0.753037
-0.718436
0.696306
-0.681029
0.67054
-0.663065
0.657947
-0.654421
0.652642
-0.651853
0.652642
-0.654421
0.657947
-0.663065
0.67054
-0.681029
0.696306
-0.718436
0.753037
-0.8099
0.925519
7.0144
1.21581
-2.02866
2.07538
8.02313
4.64245
-1.52217
0.199838
7.42015
1.07718
-0.64732
0.498481
-0.422344
0.377164
-0.348621
0.32879
-0.315576
0.306258
-0.300496
0.297005
-0.296044
0.297005
-0.300496
0.306258
-0.315576
0.32879
-0.348621
0.377164
-0.422344
0.498481
-0.64732
1.07718
7.42015
0.199838
-1.52217
4.64245
-2.08523
4.50534
-0.146289
-0.987587
7.76043
1.30892
-0.542609
0.318372
-0.214143
0.156013
-0.119801
0.0961612
-0.0798404
0.0690375
-0.0621449
0.0582277
-0.0569975
0.0582277
-0.0621449
0.0690375
-0.0798404
0.0961612
-0.119801
0.156013
-0.214143
0.318372
-0.542609
1.30892
7.76043
-0.987587
-0.146289
4.50534
-10.9635
1.44868
1.47657
-1.92853
7.74134
1.85086
-0.699215
0.402784
-0.274965
0.206099
-0.164857
0.138357
-0.120898
0.10957
-0.102003
0.0980777
-0.0966153
0.0980777
-0.102003
0.10957
-0.120898
0.138357
-0.164857
0.206099
-0.274965
0.402784
-0.699215
1.85086
7.74134
-1.92853
1.47657
1.44868
-12.5751
-2.83132
2.49323
-2.28078
7.21009
2.77051
-1.14772
0.764624
-0.604895
0.520791
-0.47093
0.43978
-0.419255
0.40551
-0.396841
0.391843
-0.390387
0.391843
-0.396841
0.40551
-0.419255
0.43978
-0.47093
0.520791
-0.604895
0.764624
-1.14772
2.77051
7.21009
-2.28078
2.49323
-2.83132
-5.34528
-5.65499
2.36742
-2.01479
6.27957
3.89861
-1.69875
1.20744
-1.00284
0.894593
-0.829934
0.788733
-0.761546
0.743178
-0.731735
0.725188
-0.723162
0.725188
-0.731735
0.743178
-0.761546
0.788733
-0.829934
0.894593
-1.00284
1.20744
-1.69875
3.89861
6.27957
-2.01479
2.36742
-5.65499
6.21349
-5.12683
1.28679
-1.46614
5.28496
4.91032
-2.04552
1.43754
-1.18153
1.04365
-0.96082
0.907143
-0.87122
0.847405
-0.832092
0.823794
-0.820879
0.823794
-0.832092
0.847405
-0.87122
0.907143
-0.96082
1.04365
-1.18153
1.43754
-2.04552
4.91032
5.28496
-1.46614
1.28679
-5.12683
14.0894
-1.59177
0.101769
-1.13139
4.57209
5.53345
-1.96491
1.26238
-0.965808
0.80628
-0.709154
0.64571
-0.603275
0.575297
-0.556996
0.546692
-0.543501
0.546692
-0.556996
0.575297
-0.603275
0.64571
-0.709154
0.80628
-0.965808
1.26238
-1.96491
5.53345
4.57209
-1.13139
0.101769
-1.59177
12.3695
2.38124
-0.240395
-1.31755
4.25031
5.74542
-1.48718
0.745518
-0.439508
0.275814
-0.176588
0.112184
-0.0695405
0.0407224
-0.0223208
0.0118518
-0.00863671
0.0118518
-0.0223208
0.0407224
-0.0695405
0.112184
-0.176588
0.275814
-0.439508
0.745518
-1.48718
5.74542
4.25031
-1.31755
-0.240395
2.38124
2.00782
3.73921
0.584188
-1.88875
4.0943
5.805
-0.897308
0.186824
0.0931083
-0.238632
0.325612
-0.380748
0.417537
-0.442412
0.457944
-0.466457
0.469492
-0.466457
0.457944
-0.442412
0.417537
-0.380748
0.325612
-0.238632
0.0931083
0.186824
-0.897308
5.805
4.0943
-1.88875
0.584188
3.73921
-9.20904
1.30999
1.95529
-2.33201
3.6999
6.06567
-0.530614
-0.0914423
0.319648
-0.432508
0.497855
-0.538532
0.565325
-0.582805
0.594014
-0.600337
0.60228
-0.600337
0.594014
-0.582805
0.565325
-0.538532
0.497855
-0.432508
0.319648
-0.0914423
-0.530614
6.06567
3.6999
-2.33201
1.95529
1.30999
-12.2914
-3.0522
2.71946
-2.14413
2.8087
6.6869
-0.502652
0.00105185
0.168302
-0.248461
0.292959
-0.319928
0.337668
-0.348603
0.355803
-0.359719
0.36071
-0.359719
0.355803
-0.348603
0.337668
-0.319928
0.292959
-0.248461
0.168302
0.00105185
-0.502652
6.6869
2.8087
-2.14413
2.71946
-3.0522
-4.43731
-5.71498
2.10559
-1.26447
1.55399
7.46966
-0.592474
0.229036
-0.110215
0.055293
-0.0251436
0.00604312
0.00543694
-0.0130376
0.0178079
-0.0204073
0.0215916
-0.0204073
0.0178079
-0.0130376
0.00543694
0.00604312
-0.0251436
0.055293
-0.110215
0.229036
-0.592474
7.46966
1.55399
-1.26447
2.10559
-5.71498
7.95283
-4.21613
0.430687
-0.181588
0.399324
7.98393
-0.399545
0.204227
-0.13563
0.100847
-0.0803688
0.0672942
-0.0589186
0.0528585
-0.0495311
0.047527
-0.0469186
0.047527
-0.0495311
0.0528585
-0.0589186
0.0672942
-0.0803688
0.100847
-0.13563
0.204227
-0.399545
7.98393
0.399324
-0.181588
0.430687
-4.21613
14.0359
0.443475
-1.06468
0.431699
-0.222435
7.91831
0.318087
-0.276102
0.275785
-0.281091
0.286074
-0.290335
0.293386
-0.295844
0.297751
-0.2988
0.298757
-0.2988
0.297751
-0.295844
0.293386
-0.290335
0.286074
-0.281091
0.275785
-0.276102
0.318087
7.91831
-0.222435
0.431699
-1.06468
0.443475
7.92719
4.3684
-1.24138
0.296609
-0.289889
7.36743
1.4002
-1.01967
0.91675
-0.873147
0.850691
-0.836851
0.829354
-0.82396
0.820875
-0.819111
0.819008
-0.819111
0.820875
-0.82396
0.829354
-0.836851
0.850691
-0.873147
0.91675
-1.01967
1.4002
7.36743
-0.289889
0.296609
-1.24138
4.3684
-5.36221
4.10733
-0.118226
-0.19052
-0.238396
6.77965
2.38936
-1.57451
1.33944
-1.23117
1.17012
-1.13261
1.10845
-1.09241
1.08229
-1.07653
1.07462
-1.07653
1.08229
-1.09241
1.10845
-1.13261
1.17012
-1.23117
1.33944
-1.57451
2.38936
6.77965
-0.238396
-0.19052
-0.118226
4.10733
-13.6918
-0.0282837
1.0502
-0.286898
-0.576133
6.56378
2.92973
-1.61952
1.2522
-1.08083
0.984031
-0.923642
0.884085
-0.858101
0.841293
-0.832427
0.829151
-0.832427
0.841293
-0.858101
0.884085
-0.923642
0.984031
-1.08083
1.2522
-1.61952
2.92973
6.56378
-0.576133
-0.286898
1.0502
-0.0282837
-8.99731
-3.94143
0.899301
0.390203
-1.38452
6.68727
3.1087
-1.28393
0.812123
-0.598333
0.478874
-0.405805
0.357319
-0.326431
0.30673
-0.295486
0.292373
-0.295486
0.30673
-0.326431
0.357319
-0.405805
0.478874
-0.598333
0.812123
-1.28393
3.1087
6.68727
-1.38452
0.390203
0.899301
-3.94143
4.289
-3.52578
-0.678944
1.43787
-2.19339
6.67728
3.39546
-1.04459
0.502311
-0.268142
0.142069
-0.0658117
0.0172557
0.0145305
-0.0341329
0.0452885
-0.048955
0.0452885
-0.0341329
0.0145305
0.0172557
-0.0658117
0.142069
-0.268142
0.502311
-1.04459
3.39546
6.67728
-2.19339
1.43787
-0.678944
-3.52578
12.7109
1.11569
-2.30643
2.00209
-2.411
6.0771
4.17884
-1.25489
0.658513
-0.413445
0.285219
-0.209437
0.162089
-0.13142
0.112018
-0.101838
0.0982629
-0.101838
0.112018
-0.13142
0.162089
-0.209437
0.285219
-0.413445
0.658513
-1.25489
4.17884
6.0771
-2.411
2.00209
-2.30643
1.11569
7.15606
5.41437
-2.43297
1.63016
-1.93505
4.93767
5.33157
-1.75742
1.10375
-0.841332
0.705515
-0.625173
0.575587
-0.54294
0.522915
-0.511736
0.508504
-0.511736
0.522915
-0.54294
0.575587
-0.625173
0.705515
-0.841332
1.10375
-1.75742
5.33157
4.93767
-1.93505
1.63016
-2.43297
5.41437
-6.98304
4.86631
-0.981492
0.786272
-1.30554
3.8195
6.29092
-1.99859
1.29217
-1.00917
0.861144
-0.773152
0.71714
-0.681577
0.659021
-0.646539
0.642451
-0.646539
0.659021
-0.681577
0.71714
-0.773152
0.861144
-1.00917
1.29217
-1.99859
6.29092
3.8195
-1.30554
0.786272
-0.981492
4.86631
-14.5481
-0.0139864
0.450458
0.414138
-1.16939
3.23688
6.62301
-1.59949
0.881087
-0.595662
0.445237
-0.355237
0.297568
-0.260704
0.237429
-0.224457
0.220231
-0.224457
0.237429
-0.260704
0.297568
-0.355237
0.445237
-0.595662
0.881087
-1.59949
6.62301
3.23688
-1.16939
0.414138
0.450458
-0.0139864
-6.87761
-3.87156
0.254791
0.914399
-1.57
3.09186
6.50235
-0.792536
0.136117
0.11585
-0.246521
0.323675
-0.372903
0.40444
-0.424293
0.435266
-0.43868
0.435266
-0.424293
0.40444
-0.372903
0.323675
-0.246521
0.11585
0.136117
-0.792536
6.50235
3.09186
-1.57
0.914399
0.254791
-3.87156
7.71841
-2.28711
-1.34095
1.64665
-1.86242
2.75961
6.54797
-0.197713
-0.323368
0.508311
-0.600128
0.6525
-0.684693
0.705656
-0.718595
0.725306
-0.727607
0.725306
-0.718595
0.705656
-0.684693
0.6525
-0.600128
0.508311
-0.323368
-0.197713
6.54797
2.75961
-1.86242
1.64665
-1.34095
-2.28711
12.4127
2.9571
-2.40249
1.60807
-1.43065
1.80351
7.11265
-0.127192
-0.213793
0.323543
-0.374067
0.401271
-0.416902
0.427178
-0.432798
0.436246
-0.437147
0.436246
-0.432798
0.427178
-0.416902
0.401271
-0.374067
0.323543
-0.213793
-0.127192
7.11265
1.80351
-1.43065
1.60807
-2.40249
2.9571
1.42313
5.55212
-1.48905
0.618946
-0.445975
0.532465
7.82789
-0.188413
0.0512274
-0.00993099
-0.00841925
0.0179815
-0.0235773
0.0265771
-0.0287144
0.0299926
-0.0304019
0.0299926
-0.0287144
0.0265771
-0.0235773
0.0179815
-0.00841925
-0.00993099
0.0512274
-0.188413
7.82789
0.532465
-0.445975
0.618946
-1.48905
5.55212
-12.0744
2.07452
0.53282
-0.383438
0.265823
-0.300375
7.99617
0.279315
-0.167445
0.138784
-0.127445
0.122514
-0.119902
0.118203
-0.117751
0.117007
-0.117048
0.117007
-0.117751
0.118203
-0.119902
0.122514
-0.127445
0.138784
-0.167445
0.279315
7.99617
-0.300375
0.265823
-0.383438
0.53282
2.07452
-11.0766
-3.50313
1.39611
-0.424518
0.195514
-0.391386
7.43144
1.38562
-0.94004
0.815917
-0.761358
0.732673
-0.716544
0.706394
-0.700252
0.6971
-0.695817
0.6971
-0.700252
0.706394
-0.716544
0.732673
-0.761358
0.815917
-0.94004
1.38562
7.43144
-0.391386
0.195514
-0.424518
1.39611
-3.50313
3.75974
-4.35148
0.220955
0.277055
-0.193388
-0.291684
6.73538
2.49808
-1.6213
1.37227
-1.25744
1.19433
-1.15565
1.13168
-1.11654
1.1086
-1.10606
1.1086
-1.11654
1.13168
-1.15565
1.19433
-1.25744
1.37227
-1.6213
2.49808
6.73538
-0.291684
-0.193388
0.277055
0.220955
-4.35148
13.7141
0.513058
-1.25165
0.524661
-0.0201305
-0.73081
6.5678
2.998
-1.62632
1.24966
-1.07547
0.977798
-0.91812
0.880539
-0.856788
0.843623
-0.839709
0.843623
-0.856788
0.880539
-0.91812
0.977798
-1.07547
1.24966
-1.62632
2.998
6.5678
-0.73081
-0.0201305
0.524661
-1.25165
0.513058
5.67443
4.52317
-0.808369
-0.316869
0.85598
-1.65024
6.77755
3.08713
-1.19979
0.723169
-0.509813
0.39267
-0.321071
0.276036
-0.248676
0.233654
-0.228607
0.233654
-0.248676
0.276036
-0.321071
0.39267
-0.509813
0.723169
-1.19979
3.08713
6.77755
-1.65024
0.85598
-0.316869
-0.808369
4.52317
-9.67801
1.9815
1.24788
-1.40471
1.57818
-2.2191
6.56342
3.55113
-1.12265
0.574529
-0.341242
0.216278
-0.142498
0.0966553
-0.0691428
0.054031
-0.0492345
0.054031
-0.0691428
0.0966553
-0.142498
0.216278
-0.341242
0.574529
-1.12265
3.55113
6.56342
-2.2191
1.57818
-1.40471
1.24788
1.9815
-11.0819
-3.97788
2.33826
-1.47712
1.40143
-1.93
5.55288
4.68411
-1.65279
1.03802
-0.785148
0.652763
-0.575247
0.527727
-0.498758
0.48297
-0.4782
0.48297
-0.498758
0.527727
-0.575247
0.652763
-0.785148
1.03802
-1.65279
4.68411
5.55288
-1.93
1.40143
-1.47712
2.33826
-3.97788
3.96432
-5.22369
1.0895
-0.597482
0.743819
-1.33933
4.37446
5.82277
-2.11276
1.42916
-1.15047
1.00357
-0.917603
0.86437
-0.831444
0.814113
-0.808341
0.814113
-0.831444
0.86437
-0.917603
1.00357
-1.15047
1.42916
-2.11276
5.82277
4.37446
-1.33933
0.743819
-0.597482
1.0895
-5.22369
14.3804
0.00183614
-0.619508
-0.140145
0.654474
-1.33714
3.8379
6.21118
-1.79237
1.06861
-0.775866
0.621601
-0.530172
0.473484
-0.438657
0.419714
-0.413707
0.419714
-0.438657
0.473484
-0.530172
0.621601
-0.775866
1.06861
-1.79237
6.21118
3.8379
-1.33714
0.654474
-0.140145
-0.619508
0.00183614
4.90978
4.10629
-0.210723
-0.855788
1.31439
-1.87346
3.78102
6.08293
-0.980475
0.281024
-0.00818621
-0.133143
0.216109
-0.26736
0.298002
-0.315245
0.320445
-0.315245
0.298002
-0.26736
0.216109
-0.133143
-0.00818621
0.281024
-0.980475
6.08293
3.78102
-1.87346
1.31439
-0.855788
-0.210723
4.10629
-10.7371
0.90651
1.7822
-1.70946
1.71289
-1.98615
3.27666
6.35257
-0.589785
-0.023351
0.24813
-0.359769
0.423748
-0.462119
0.48503
-0.497248
0.50134
-0.497248
0.48503
-0.462119
0.423748
-0.359769
0.24813
-0.023351
-0.589785
6.35257
3.27666
-1.98615
1.71289
-1.70946
1.7822
0.90651
-8.95706
-4.88224
2.33539
-1.34613
1.1179
-1.22228
2.02086
7.24356
-0.805009
0.31103
-0.139123
0.056351
-0.00975809
-0.0177623
0.0345073
-0.0432482
0.0461017
-0.0432482
0.0345073
-0.0177623
-0.00975809
0.056351
-0.139123
0.31103
-0.805009
7.24356
2.02086
-1.22228
1.1179
-1.34613
2.33539
-4.88224
7.80383
-4.29131
0.469338
-0.174333
0.234486
-0.389886
0.868867
7.88873
-0.756568
0.410038
-0.288614
0.228587
-0.194375
0.173445
-0.160482
0.153518
-0.151553
0.153518
-0.160482
0.173445
-0.194375
0.228587
-0.288614
0.410038
-0.756568
7.88873
0.868867
-0.389886
0.234486
-0.174333
0.469338
-4.29131
13.3678
2.01825
-1.08207
0.165219
0.189814
-0.378153
0.580527
7.61257
0.16786
-0.301129
0.352272
-0.379534
0.396368
-0.407352
0.414158
-0.41763
0.418817
-0.41763
0.414158
-0.407352
0.396368
-0.379534
0.352272
-0.301129
0.16786
7.61257
0.580527
-0.378153
0.189814
0.165219
-1.08207
2.01825
-1.5814
4.24799
-0.0300641
-0.65145
0.765979
-0.758859
0.623331
7.02012
1.31362
-1.14132
1.08839
-1.06402
1.05021
-1.04243
1.03722
-1.0349
1.03431
-1.0349
1.03722
-1.04243
1.05021
-1.06402
1.08839
-1.14132
1.31362
7.02012
0.623331
-0.758859
0.765979
-0.65145
-0.0300641
4.24799
-13.3354
-1.09073
1.72244
-1.04029
0.693309
-0.432119
-0.011201
7.07504
1.74249
-1.19559
1.02488
-0.942285
0.895416
-0.866712
0.849097
-0.840073
0.837058
-0.840073
0.849097
-0.866712
0.895416
-0.942285
1.02488
-1.19559
1.74249
7.07504
-0.011201
-0.432119
0.693309
-1.04029
1.72244
-1.09073
-2.61644
-5.04892
1.01406
-0.0441829
-0.286005
0.566469
-1.14215
7.52179
1.75184
-0.797766
0.524458
-0.398354
0.328177
-0.286032
0.26155
-0.247681
0.243228
-0.247681
0.26155
-0.286032
0.328177
-0.398354
0.524458
-0.797766
1.75184
7.52179
-1.14215
0.566469
-0.286005
-0.0441829
1.01406
-5.04892
12.687
-0.65734
-1.3009
1.00476
-0.909708
1.04138
-1.62022
7.25466
2.42103
-1.01668
0.651871
-0.491312
0.405471
-0.355274
0.326176
-0.310271
0.30546
-0.310271
0.326176
-0.355274
0.405471
-0.491312
0.651871
-1.01668
2.42103
7.25466
-1.62022
1.04138
-0.909708
1.00476
-1.3009
-0.65734
6.18411
5.00757
-1.58496
0.629446
-0.460806
0.60494
-1.23611
6.17381
3.77751
-1.84175
1.37331
-1.17094
1.06327
-1.00083
0.96385
-0.944721
0.938807
-0.944721
0.96385
-1.00083
1.06327
-1.17094
1.37331
-1.84175
3.77751
6.17381
-1.23611
0.60494
-0.460806
0.629446
-1.58496
5.00757
-11.488
2.39046
0.408768
-0.243075
-0.0288434
0.379226
-1.12318
5.42994
4.66607
-2.12407
1.5466
-1.29753
1.16415
-1.08628
1.0399
-1.01546
1.00749
-1.01546
1.0399
-1.08628
1.16415
-1.29753
1.5466
-2.12407
4.66607
5.42994
-1.12318
0.379226
-0.0288434
-0.243075
0.408768
2.39046
-9.54616
-3.77427
0.935284
0.190713
-0.662422
1.07515
-1.82216
5.46854
4.70265
-1.53101
0.87671
-0.600216
0.453642
-0.368362
0.317813
-0.290966
0.28233
-0.290966
0.317813
-0.368362
0.453642
-0.600216
0.87671
-1.53101
4.70265
5.46854
-1.82216
1.07515
-0.662422
0.190713
0.935284
-3.77427
8.64348
-2.2548
-1.20149
1.40112
-1.47028
1.68383
-2.27785
5.21858
4.97377
-1.16885
0.483686
-0.207252
0.0644206
0.0173944
-0.0648786
0.0902015
-0.0977545
0.0902015
-0.0648786
0.0173944
0.0644206
-0.207252
0.483686
-1.16885
4.97377
5.21858
-2.27785
1.68383
-1.47028
1.40112
-1.20149
-2.2548
10.0048
4.48853
-2.32691
1.36507
-1.14241
1.22737
-1.69366
3.99671
6.09717
-1.62136
0.928617
-0.658833
0.52256
-0.445371
0.401436
-0.377677
0.370486
-0.377677
0.401436
-0.445371
0.52256
-0.658833
0.928617
-1.62136
6.09717
3.99671
-1.69366
1.22737
-1.14241
1.36507
-2.32691
4.48853
-8.39167
4.18084
-0.45998
0.2368
-0.352749
0.570083
-1.03234
2.82274
7.02479
-1.8319
1.14703
-0.884313
0.750748
-0.674704
0.630605
-0.607444
0.599697
-0.607444
0.630605
-0.674704
0.750748
-0.884313
1.14703
-1.8319
7.02479
2.82274
-1.03234
0.570083
-0.352749
0.2368
-0.45998
4.18084
-12.3499
-2.64898
0.881782
0.159077
-0.585058
0.885832
-1.30352
2.61507
6.90708
-1.0059
0.381825
-0.146626
0.0274933
0.0404746
-0.0806216
0.101136
-0.10783
0.101136
-0.0806216
0.0404746
0.0274933
-0.146626
0.381825
-1.0059
6.90708
2.61507
-1.30352
0.885832
-0.585058
0.159077
0.881782
-2.64898
5.90767
-3.07195
-0.859227
1.26413
-1.33953
1.43628
-1.66
2.46293
6.70174
-0.140567
-0.347336
0.520122
-0.605029
0.652185
-0.679245
0.693406
-0.697345
0.693406
-0.679245
0.652185
-0.605029
0.520122
-0.347336
-0.140567
6.70174
2.46293
-1.66
1.43628
-1.33953
1.26413
-0.859227
-3.07195
11.4335
3.76485
-2.28171
1.32777
-1.01527
0.923801
-0.971364
1.33995
7.38113
-0.179147
-0.120103
0.217747
-0.263229
0.287427
-0.300783
0.308009
-0.310055
0.308009
-0.300783
0.287427
-0.263229
0.217747
-0.120103
-0.179147
7.38113
1.33995
-0.971364
0.923801
-1.01527
1.32777
-2.28171
3.76485
-6.69388
4.4115
-0.443862
0.0396386
-0.0148827
0.0309398
-0.06226
0.146959
8.00635
-0.164197
0.0869684
-0.0609272
0.0481173
-0.0412576
0.0372709
-0.0349746
0.0338382
-0.0349746
0.0372709
-0.0412576
0.0481173
-0.0609272
0.0869684
-0.164197
8.00635
0.146959
-0.06226
0.0309398
-0.0148827
0.0396386
-0.443862
4.4115
-12.5182
-2.69735
1.24059
-0.281792
-0.0453797
0.164578
-0.178237
0.0330535
7.50247
0.924445
-0.713758
0.653
-0.627011
0.613769
-0.606324
0.602715
-0.601677
0.602715
-0.606324
0.613769
-0.627011
0.653
-0.713758
0.924445
7.50247
0.0330535
-0.178237
0.164578
-0.0453797
-0.281792
1.24059
-2.69735
6.13654
-3.54384
-0.383798
0.749781
-0.736398
0.661424
-0.51376
0.107913
6.82264
2.0887
-1.50085
1.32613
-1.24502
1.20118
-1.17658
1.16361
-1.15923
1.16361
-1.17658
1.20118
-1.24502
1.32613
-1.50085
2.0887
6.82264
0.107913
-0.51376
0.661424
-0.736398
0.749781
-0.383798
-3.54384
11.6597
3.41667
-1.74584
0.726844
-0.326055
0.0777593
0.199439
-0.796275
7.08155
2.24712
-1.22446
0.933648
-0.800051
0.727512
-0.68679
0.66512
-0.658453
0.66512
-0.68679
0.727512
-0.800051
0.933648
-1.22446
2.24712
7.08155
-0.796275
0.199439
0.0777593
-0.326055
0.726844
-1.74584
3.41667
-7.29674
3.52998
0.300135
-0.651173
0.717826
-0.821912
1.05256
-1.6925
7.25394
2.45032
-0.960284
0.573098
-0.402314
0.312668
-0.262408
0.236332
-0.228528
0.236332
-0.262408
0.312668
-0.402314
0.573098
-0.960284
2.45032
7.25394
-1.6925
1.05256
-0.821912
0.717826
-0.651173
0.300135
3.52998
-10.8352
-3.84563
1.81486
-0.840966
0.574895
-0.565564
0.75986
-1.41348
6.25769
3.72319
-1.7046
1.22281
-1.0168
0.910001
-0.850965
0.821125
-0.811677
0.821125
-0.850965
0.910001
-1.0168
1.22281
-1.7046
3.72319
6.25769
-1.41348
0.75986
-0.565564
0.574895
-0.840966
1.81486
-3.84563
9.09554
-3.38313
-0.121572
0.247647
-0.116007
-0.0667276
0.37141
-1.08954
5.28156
4.84285
-2.21893
1.63542
-1.38832
1.25939
-1.18803
1.15182
-1.14033
1.15182
-1.18803
1.25939
-1.38832
1.63542
-2.21893
4.84285
5.28156
-1.08954
0.37141
-0.0667276
-0.116007
0.247647
-0.121572
-3.38313
10.0014
3.71974
-1.06944
-0.0260344
0.445041
-0.730393
1.07835
-1.79261
5.32883
4.85426
-1.5942
0.936644
-0.663249
0.521897
-0.443724
0.403301
-0.391021
0.403301
-0.443724
0.521897
-0.663249
0.936644
-1.5942
4.85426
5.32883
-1.79261
1.07835
-0.730393
0.445041
-0.0260344
-1.06944
3.71974
-10.0641
1.73124
1.31946
-1.34118
1.30811
-1.37991
1.60085
-2.19056
5.04228
5.13885
-1.23567
0.547854
-0.274064
0.135392
-0.0604819
0.0217482
-0.0100299
0.0217482
-0.0604819
0.135392
-0.274064
0.547854
-1.23567
5.13885
5.04228
-2.19056
1.60085
-1.37991
1.30811
-1.34118
1.31946
1.73124
-6.6369
-5.25953
2.00066
-1.00296
0.763415
-0.759141
0.924563
-1.4183
3.65662
6.39974
-1.81624
1.12114
-0.852778
0.71887
-0.647184
0.610974
-0.599664
0.610974
-0.647184
0.71887
-0.852778
1.12114
-1.81624
6.39974
3.65662
-1.4183
0.924563
-0.759141
0.763415
-1.00296
2.00066
-5.25953
11.3109
-0.107876
-1.98806
1.51455
-1.05394
0.597204
-0.0595947
-0.7233
2.77712
6.69411
-1.07696
0.104718
0.411119
-0.750852
0.977564
-1.10939
1.15299
-1.10939
0.977564
-0.750852
0.411119
0.104718
-1.07696
6.69411
2.77712
-0.7233
-0.0595947
0.597204
-1.05394
1.51455
-1.98806
-0.107876
4.41357
4.35903
-0.456601
-0.540391
0.857799
-1.05091
1.26176
-1.63025
2.85795
6.61558
-0.613481
0.00180119
0.22797
-0.343141
0.406251
-0.438851
0.448895
-0.438851
0.406251
-0.343141
0.22797
0.00180119
-0.613481
6.61558
2.85795
-1.63025
1.26176
-1.05091
0.857799
-0.540391
-0.456601
4.35903
-11.0782
-2.50667
2.77075
-1.21386
0.0808632
0.483246
-0.378272
-0.407934
2.06795
6.09733
1.19308
-1.77014
1.4901
-0.721509
-0.19822
0.926114
-1.20111
0.926114
-0.19822
-0.721509
1.4901
-1.77014
1.19308
6.09733
2.06795
-0.407934
-0.378272
0.483246
0.0808632
-1.21386
2.77075
-2.50667
-1.52775
-2.7605
-1.11091
1.3253
-0.766102
-0.00954509
0.828804
-1.59048
2.38125
6.08509
1.10659
-1.05299
0.695664
-0.273692
-0.0946146
0.340523
-0.426199
0.340523
-0.0946146
-0.273692
0.695664
-1.05299
1.10659
6.08509
2.38125
-1.59048
0.828804
-0.00954509
-0.766102
1.3253
-1.11091
-2.7605
10.0036
4.42634
-1.94011
-0.508963
1.02264
-0.244938
-0.425285
-0.113147
1.74224
4.91831
2.99948
-1.4887
-0.444799
1.35878
-0.755215
-0.548014
1.19784
-0.548014
-0.755215
1.35878
-0.444799
-1.4887
2.99948
4.91831
1.74224
-0.113147
-0.425285
-0.244938
1.02264
-0.508963
-1.94011
4.42634
-1.48967
0.440722
1.81216
-0.316875
-0.858108
0.915128
0.0117098
-1.29063
2.08027
5.23256
2.49404
-0.954229
-0.23382
0.680957
-0.366972
-0.243555
0.539248
-0.243555
-0.366972
0.680957
-0.23382
-0.954229
2.49404
5.23256
2.08027
-1.29063
0.0117098
0.915128
-0.858108
-0.316875
1.81216
0.440722
-7.81549
-4.95285
-0.0905729
1.4353
0.0744199
-0.702614
-0.305187
0.276939
1.65468
3.62858
3.45865
0.490859
-1.49428
-0.225756
1.19371
0.0693102
-1.12782
0.0693102
1.19371
-0.225756
-1.49428
0.490859
3.45865
3.62858
1.65468
0.276939
-0.305187
-0.702614
0.0744199
1.4353
-0.0905729
-4.95285
3.85031
2.05954
-0.850785
-1.2246
0.444203
0.825822
-0.62033
-0.79417
1.80894
4.23613
3.27827
0.226443
-1.14411
-0.0421642
0.839974
0.00725205
-0.774119
0.00725205
0.839974
-0.0421642
-1.14411
0.226443
3.27827
4.23613
1.80894
-0.79417
-0.62033
0.825822
0.444203
-1.2246
-0.850785
2.05954
4.64527
3.72326
1.64622
-0.178009
-0.870744
-0.595986
0.0368623
0.764594
1.66877
2.55431
2.74288
1.75584
0.0919046
-1.00559
-0.746479
0.340571
0.933841
0.340571
-0.746479
-1.00559
0.0919046
1.75584
2.74288
2.55431
1.66877
0.764594
0.0368623
-0.595986
-0.870744
-0.178009
1.64622
3.72326
-4.70241
-3.64647
-1.27511
0.696932
1.07342
0.130267
-0.726469
-0.271407
1.42758
3.06925
3.27898
1.82801
-0.166035
-1.2192
-0.755825
0.455762
1.07561
0.455762
-0.755825
-1.2192
-0.166035
1.82801
3.27898
3.06925
1.42758
-0.271407
-0.726469
0.130267
1.07342
0.696932
-1.27511
-3.64647
-1.27234
-1.24783
-1.15389
-0.942916
-0.573833
-0.0477199
0.573929
1.17889
1.63842
1.85077
1.77503
1.44217
0.941347
0.390631
-0.094249
-0.422347
-0.537885
-0.422347
-0.094249
0.390631
0.941347
1.44217
1.77503
1.85077
1.63842
1.17889
0.573929
-0.0477199
-0.573833
-0.942916
-1.15389
-1.24783
3.60866
3.28599
2.42053
1.28593
0.236031
-0.412161
-0.482702
0.00289775
0.835732
1.69236
2.24572
2.27658
1.748
0.817721
-0.215481
-1.01318
-1.31206
-1.01318
-0.215481
0.817721
1.748
2.27658
2.24572
1.69236
0.835732
0.00289775
-0.482702
-0.412161
0.236031
1.28593
2.42053
3.28599
-0.956764
-0.875005
-0.641231
-0.288242
0.134757
0.569471
0.957151
1.24726
1.40483
1.41545
1.28708
1.04845
0.744381
0.428599
0.15528
-0.0294327
-0.0946262
-0.0294327
0.15528
0.428599
0.744381
1.04845
1.28708
1.41545
1.40483
1.24726
0.957151
0.569471
0.134757
-0.288242
-0.641231
-0.875005
-1.17309
-1.14965
-1.08023
-0.967497
-0.815785
-0.630922
-0.420014
-0.191166
0.046829
0.284824
0.513672
0.72458
0.909443
1.06116
1.17389
1.24331
1.26675
1.24331
1.17389
1.06116
0.909443
0.72458
0.513672
0.284824
0.046829
-0.191166
-0.420014
-0.630922
-0.815785
-0.967497
-1.08023
-1.14965
0.8464
0.8464
0.8464
0.8464
0.8464
0.8464
0.8464
0.8464
0.8464
0.8464
0.8464
0.8464
0.8464
0.8464
0.8464
0.8464
0.8464
0.8464
0.8464
0.8464
0.8464
0.8464
0.8464
0.8464
0.8464
0.8464
0.8464
0.8464
0.8464
0.8464
0.8464
0.8464
